source/core/types/ArrayInitializer.d.ts(33,3): error TS1010: '*/' expnpm error code ERR_INVALID_URL
npm error Invalid URL
npm error A complete log of this run can be found in: C:\Users\zhan\AppData\Local\npm-cache\_logs\2026-01-26T07_43_00_496Z-debug-0.log
liceUtility.d.ts(20,3): error TS1010: '*/' expected.
source/core/types/ArraySpeciesCreate.d.ts(29,3): error TS1010: '*/' expected.
source/core/types/ArrayUnscopables.d.ts(18,3): error TS1010: '*/' expected.
source/core/types/BarrelExport44292.d.ts(15,3): error TS1010: '*/' expected.
source/core/types/CallUtility.d.ts(27,3): error TS1010: '*/' expected.
source/core/types/ClassOf.d.ts(17,3): error TS1010: '*/' expected.
source/core/types/CollectionSet2.d.ts(13,3): error TS1010: '*/' expected.
source/core/types/ConstructorValidator.d.ts(25,3): error TS1010: '*/' expected.
source/core/types/DOMElementCreator.d.ts(49,3): error TS1010: '*/' expected.
source/core/types/DefinePropertiesModule.d.ts(48,5): error TS1010: '*/' expected.
source/core/types/DeviceDetection.d.ts(32,3): error TS1010: '*/' expected.
source/core/types/EmptyConstructor.d.ts(87,3): error TS1010: '*/' expected.
source/core/types/EquationVariable.d.ts(54,3): error TS1010: '*/' expected.
source/core/types/Error.d.ts(11,3): error TS1010: '*/' expected.
source/core/types/ErrorConstructorFactory.d.ts(11,3): error TS1010: '*/' expected.
source/core/types/Exports.d.ts(17,5): error TS1010: '*/' expected.
source/core/types/FrozenStorage.d.ts(37,3): error TS1010: '*/' expected.
source/core/types/FunctionApply.d.ts(11,3): error TS1010: '*/' expected.
source/core/types/FunctionBindUtility.d.ts(28,3): error TS1010: '*/' expected.
source/core/types/FunctionComposition.d.ts(48,3): error TS1010: '*/' expected.
source/core/types/FunctionExtractor.d.ts(17,3): error TS1010: '*/' expected.
source/core/types/FunctionNameDescriptor.d.ts(40,3): error TS1010: '*/' expected.
source/core/types/GetOwnPropertyNamesExternalModule.d.ts(40,5): error TS1010: '*/' expected.
source/core/types/GlobalObject.d.ts(31,3): error TS1010: '*/' expected.
source/core/types/HasOwn.d.ts(19,3): error TS1010: '*/' expected.
source/core/types/Hole_IO.d.ts(114,5): error TS1005: ',' expected.
source/core/types/Hole_IO.d.ts(114,18): error TS1005: ',' expected.
source/core/types/InspectSource.d.ts(45,3): error TS1010: '*/' expected.
source/core/types/IosDeviceDetection.d.ts(18,3): error TS1010: '*/' expected.
source/core/types/IsConstructor2.d.ts(79,3): error TS1010: '*/' expected.
source/core/types/IsConstructor3.d.ts(13,3): error TS1010: '*/' expected.
source/core/types/IsDenoEnvironment.d.ts(11,3): error TS1010: '*/' expected.
source/core/types/Iterator2.d.ts(13,3): error TS1010: '*/' expected.
source/core/types/Iterator3.d.ts(66,7): error TS1010: '*/' expected.
source/core/types/Iterator8.d.ts(51,5): error TS1010: '*/' expected.
source/core/types/IteratorClose.d.ts(29,3): error TS1010: '*/' expected.
source/core/types/IteratorMethods.d.ts(53,3): error TS1010: '*/' expected.
source/core/types/IteratorProtocolChecker.d.ts(50,3): error TS1010: '*/' expected.
source/core/types/LengthValidator.d.ts(24,3): error TS1010: '*/' expected.
source/core/types/Module14890.d.ts(11,3): error TS1010: '*/' expected.
source/core/types/Module20352.d.ts(21,2): error TS1109: Expression expected.
source/core/types/Module20352.d.ts(21,3): error TS1109: Expression expected.
source/core/types/Module2314.d.ts(16,3): error TS1010: '*/' expected.
source/core/types/Module35710.d.ts(21,3): error TS1010: '*/' expected.
source/core/types/Module4012.d.ts(11,3): error TS1010: '*/' expected.
source/core/types/Module45573.d.ts(13,3): error TS1010: '*/' expected.
source/core/types/Module5538.d.ts(9,3): error TS1010: '*/' expected.
source/core/types/Module60056.d.ts(9,3): error TS1010: '*/' expected.
source/core/types/Module63675.d.ts(10,3): error TS1010: '*/' expected.
source/core/types/Module64239.d.ts(11,3): error TS1010: '*/' expected.
source/core/types/Module79248.d.ts(10,3): error TS1010: '*/' expected.
source/core/types/Module82745.d.ts(10,3): error TS1010: '*/' expected.
source/core/types/Module84236.d.ts(17,3): error TS1010: '*/' expected.
source/core/types/Module93222.d.ts(47,3): error TS1010: '*/' expected.
source/core/types/Module98745.d.ts(9,3): error TS1010: '*/' expected.
source/core/types/ModuleKeys.d.ts(16,3): error TS1010: '*/' expected.
source/core/types/NativeWeakMapDetection.d.ts(20,3): error TS1010: '*/' expected.
source/core/types/NumberValueOf.d.ts(18,3): error TS1010: '*/' expected.
source/core/types/ObjectGet.d.ts(23,3): error TS1010: '*/' expected.
source/core/types/ObjectGetOwnPropertyNames.d.ts(50,3): error TS1010: '*/' expected.
source/core/types/ObjectKeysPolyfill.d.ts(15,3): error TS1010: '*/' expected.
source/core/types/ObjectMerge.d.ts(12,3): error TS1010: '*/' expected.
source/core/types/PAssemblyFilter.d.ts(16,5): error TS1010: '*/' expected.
source/core/types/ParseFloatPolyfill2.d.ts(24,3): error TS1010: '*/' expected.
source/core/types/Polyfill13.d.ts(16,3): error TS1010: '*/' expected.
source/core/types/Polyfill14.d.ts(12,3): error TS1010: '*/' expected.
source/core/types/Polyfill2.d.ts(16,3): error TS1010: '*/' expected.
source/core/types/Polyfill3.d.ts(19,3): error TS1010: '*/' expected.
source/core/types/Polyfill5.d.ts(52,7): error TS1010: '*/' expected.
source/core/types/Polyfill9.d.ts(12,3): error TS1010: '*/' expected.
source/core/types/PolyfillDefinitionOptions.d.ts(64,7): error TS1010: '*/' expected.
source/core/types/PolyfillPolyfill.d.ts(67,5): error TS1010: '*/' expected.
source/core/types/ProcessDetection.d.ts(22,3): error TS1010: '*/' expected.
source/core/types/PromiseCapability.d.ts(55,7): error TS1010: '*/' expected.
source/core/types/PromiseCapability2.d.ts(35,3): error TS1010: '*/' expected.
source/core/types/PromiseResolve.d.ts(100,3): error TS1010: '*/' expected.
source/core/types/PropertyAccessor.d.ts(12,3): error TS1010: '*/' expected.
source/core/types/PropertyDescriptor.d.ts(20,3): error TS1010: '*/' expected.
source/core/types/PropertyDescriptor3.d.ts(41,3): error TS1010: '*/' expected.
source/core/types/PropertyDescriptor4.d.ts(15,3): error TS1010: '*/' expected.
source/core/types/PropertyIsEnumerablePolyfill.d.ts(43,3): error TS1010: '*/' expected.
source/core/types/PropertyOptions.d.ts(71,3): error TS1010: '*/' expected.
source/core/types/ProtoObject.d.ts(51,3): error TS1010: '*/' expected.
source/core/types/PrototypeChecker.d.ts(17,3): error TS1010: '*/' expected.
source/core/types/PrototypeValidator.d.ts(33,3): error TS1010: '*/' expected.
source/core/types/ReExport857121.d.ts(30,3): error TS1010: '*/' expected.
source/core/types/ReflectOwnKeys.d.ts(18,3): error TS1010: '*/' expected.
source/core/types/RegExpExecWrapper.d.ts(21,3): error TS1010: '*/' expected.
source/core/types/RegExpFlagsGetter.d.ts(28,3): error TS1010: '*/' expected.
source/core/types/RegisterManager.d.ts(61,3): error TS1010: '*/' expected.
source/core/types/RetryOptions.d.ts(41,3): error TS1010: '*/' expected.
source/core/types/SetDifference.d.ts(89,3): error TS1010: '*/' expected.
source/core/types/SetSymmetricDifference.d.ts(68,7): error TS1010: '*/' expected.
source/core/types/SharedKeys.d.ts(34,3): error TS1010: '*/' expected.
source/core/types/StringConversion.d.ts(18,3): error TS1010: '*/' expected.
source/core/types/StringRepeat.d.ts(33,3): error TS1010: '*/' expected.
source/core/types/ToObjectRequired.d.ts(10,3): error TS1010: '*/' expected.
source/core/types/ToPrimitive.d.ts(40,3): error TS1010: '*/' expected.
source/core/types/ToPrimitive2.d.ts(50,3): error TS1010: '*/' expected.
source/core/types/ToStringTagSupport.d.ts(12,3): error TS1010: '*/' expected.
source/core/types/UserAgent.d.ts(9,3): error TS1010: '*/' expected.
source/core/types/Util.d.ts(11,3): error TS1010: '*/' expected.
source/core/types/Util10.d.ts(11,3): error TS1010: '*/' expected.
source/core/types/Util11.d.ts(23,3): error TS1010: '*/' expected.
source/core/types/Util12.d.ts(10,3): error TS1010: '*/' expected.
source/core/types/Util14.d.ts(11,3): error TS1010: '*/' expected.
source/core/types/Util15.d.ts(48,3): error TS1010: '*/' expected.
source/core/types/Util16.d.ts(15,3): error TS1010: '*/' expected.
source/core/types/Util17.d.ts(13,3): error TS1010: '*/' expected.
source/core/types/Util2.d.ts(14,3): error TS1010: '*/' expected.
source/core/types/Util3.d.ts(17,3): error TS1010: '*/' expected.
source/core/types/Util6.d.ts(10,3): error TS1010: '*/' expected.
source/core/types/Util7.d.ts(51,3): error TS1010: '*/' expected.
source/core/types/Util8.d.ts(10,3): error TS1010: '*/' expected.
source/core/types/Util9.d.ts(14,3): error TS1010: '*/' expected.
source/core/types/ValidationUtilities.d.ts(23,3): error TS1010: '*/' expected.
source/core/types/WebKitVersionDetector.d.ts(9,3): error TS1010: '*/' expected.
source/core/types/Webos.d.ts(46,2): error TS1109: Expression expected.
source/core/types/Webos.d.ts(46,3): error TS1109: Expression expected.
source/core/types/tag.d.ts(13,3): error TS1010: '*/' expected.
source/core/types/that.d.ts(83,3): error TS1010: '*/' expected.
